<?xml version="1.0" encoding="UTF-8"?>
<!-- Generated by org.testng.reporters.JUnitReportReporter -->
<testsuite hostname="CHN1-W0051" name="OpenBrowser" tests="1" failures="0" timestamp="5 Mar 2020 04:16:11 GMT" time="51.620" errors="0">
  <testcase name="f" time="51.620" classname="OpenBrowser"/>
</testsuite> <!-- OpenBrowser -->
